<?xml version="1.0" encoding="UTF-8"?>
<testsuite xmlns:xsi="http://www.w3.org/2001/XMLSchema-instance" xsi:noNamespaceSchemaLocation="https://maven.apache.org/surefire/maven-surefire-plugin/xsd/surefire-test-report.xsd" name="com.example.helloworld.resources.ProtectedResourceTest" time="0.122" tests="5" errors="0" skipped="0" failures="0">
  <properties>
    <property name="awt.toolkit" value="sun.awt.X11.XToolkit"/>
    <property name="file.encoding.pkg" value="sun.io"/>
    <property name="java.specification.version" value="1.8"/>
    <property name="sun.cpu.isalist" value=""/>
    <property name="sun.jnu.encoding" value="UTF-8"/>
    <property name="java.class.path" value="/home/daniel/dev/projects/dropwizard-example/dropwizard-example/target/test-classes:/home/daniel/dev/projects/dropwizard-example/dropwizard-example/target/classes:/root/.m2/repository/io/dropwizard/dropwizard-core/1.2.1-SNAPSHOT/dropwizard-core-1.2.1-SNAPSHOT.jar:/root/.m2/repository/io/dropwizard/dropwizard-util/1.2.1-SNAPSHOT/dropwizard-util-1.2.1-SNAPSHOT.jar:/root/.m2/repository/com/fasterxml/jackson/core/jackson-annotations/2.9.0/jackson-annotations-2.9.0.jar:/root/.m2/repository/com/google/guava/guava/23.1-jre/guava-23.1-jre.jar:/root/.m2/repository/com/google/errorprone/error_prone_annotations/2.0.18/error_prone_annotations-2.0.18.jar:/root/.m2/repository/com/google/j2objc/j2objc-annotations/1.1/j2objc-annotations-1.1.jar:/root/.m2/repository/org/codehaus/mojo/animal-sniffer-annotations/1.14/animal-sniffer-annotations-1.14.jar:/root/.m2/repository/com/google/code/findbugs/jsr305/3.0.2/jsr305-3.0.2.jar:/root/.m2/repository/joda-time/joda-time/2.9.9/joda-time-2.9.9.jar:/root/.m2/repository/io/dropwizard/dropwizard-jackson/1.2.1-SNAPSHOT/dropwizard-jackson-1.2.1-SNAPSHOT.jar:/root/.m2/repository/com/fasterxml/jackson/core/jackson-core/2.9.1/jackson-core-2.9.1.jar:/root/.m2/repository/com/fasterxml/jackson/core/jackson-databind/2.9.1/jackson-databind-2.9.1.jar:/root/.m2/repository/com/fasterxml/jackson/datatype/jackson-datatype-guava/2.9.1/jackson-datatype-guava-2.9.1.jar:/root/.m2/repository/com/fasterxml/jackson/datatype/jackson-datatype-jsr310/2.9.1/jackson-datatype-jsr310-2.9.1.jar:/root/.m2/repository/com/fasterxml/jackson/datatype/jackson-datatype-jdk8/2.9.1/jackson-datatype-jdk8-2.9.1.jar:/root/.m2/repository/com/fasterxml/jackson/module/jackson-module-parameter-names/2.9.1/jackson-module-parameter-names-2.9.1.jar:/root/.m2/repository/com/fasterxml/jackson/module/jackson-module-afterburner/2.9.1/jackson-module-afterburner-2.9.1.jar:/root/.m2/repository/com/fasterxml/jackson/datatype/jackson-datatype-joda/2.9.1/jackson-datatype-joda-2.9.1.jar:/root/.m2/repository/org/slf4j/slf4j-api/1.7.25/slf4j-api-1.7.25.jar:/root/.m2/repository/io/dropwizard/dropwizard-validation/1.2.1-SNAPSHOT/dropwizard-validation-1.2.1-SNAPSHOT.jar:/root/.m2/repository/org/hibernate/hibernate-validator/5.4.1.Final/hibernate-validator-5.4.1.Final.jar:/root/.m2/repository/org/jboss/logging/jboss-logging/3.3.0.Final/jboss-logging-3.3.0.Final.jar:/root/.m2/repository/org/glassfish/javax.el/3.0.0/javax.el-3.0.0.jar:/root/.m2/repository/io/dropwizard/dropwizard-configuration/1.2.1-SNAPSHOT/dropwizard-configuration-1.2.1-SNAPSHOT.jar:/root/.m2/repository/com/fasterxml/jackson/dataformat/jackson-dataformat-yaml/2.9.1/jackson-dataformat-yaml-2.9.1.jar:/root/.m2/repository/org/yaml/snakeyaml/1.18/snakeyaml-1.18.jar:/root/.m2/repository/org/apache/commons/commons-lang3/3.6/commons-lang3-3.6.jar:/root/.m2/repository/io/dropwizard/dropwizard-logging/1.2.1-SNAPSHOT/dropwizard-logging-1.2.1-SNAPSHOT.jar:/root/.m2/repository/io/dropwizard/metrics/metrics-logback/3.2.5/metrics-logback-3.2.5.jar:/root/.m2/repository/org/slf4j/jul-to-slf4j/1.7.25/jul-to-slf4j-1.7.25.jar:/root/.m2/repository/ch/qos/logback/logback-core/1.2.3/logback-core-1.2.3.jar:/root/.m2/repository/ch/qos/logback/logback-classic/1.2.3/logback-classic-1.2.3.jar:/root/.m2/repository/org/slf4j/log4j-over-slf4j/1.7.25/log4j-over-slf4j-1.7.25.jar:/root/.m2/repository/org/slf4j/jcl-over-slf4j/1.7.25/jcl-over-slf4j-1.7.25.jar:/root/.m2/repository/org/eclipse/jetty/jetty-util/9.4.7.v20170914/jetty-util-9.4.7.v20170914.jar:/root/.m2/repository/io/dropwizard/dropwizard-metrics/1.2.1-SNAPSHOT/dropwizard-metrics-1.2.1-SNAPSHOT.jar:/root/.m2/repository/io/dropwizard/dropwizard-jersey/1.2.1-SNAPSHOT/dropwizard-jersey-1.2.1-SNAPSHOT.jar:/root/.m2/repository/org/glassfish/jersey/ext/jersey-metainf-services/2.25.1/jersey-metainf-services-2.25.1.jar:/root/.m2/repository/org/glassfish/jersey/ext/jersey-bean-validation/2.25.1/jersey-bean-validation-2.25.1.jar:/root/.m2/repository/io/dropwizard/metrics/metrics-jersey2/3.2.5/metrics-jersey2-3.2.5.jar:/root/.m2/repository/com/fasterxml/jackson/jaxrs/jackson-jaxrs-json-provider/2.9.1/jackson-jaxrs-json-provider-2.9.1.jar:/root/.m2/repository/com/fasterxml/jackson/jaxrs/jackson-jaxrs-base/2.9.1/jackson-jaxrs-base-2.9.1.jar:/root/.m2/repository/com/fasterxml/jackson/module/jackson-module-jaxb-annotations/2.9.1/jackson-module-jaxb-annotations-2.9.1.jar:/root/.m2/repository/org/glassfish/jersey/containers/jersey-container-servlet/2.25.1/jersey-container-servlet-2.25.1.jar:/root/.m2/repository/org/eclipse/jetty/jetty-server/9.4.7.v20170914/jetty-server-9.4.7.v20170914.jar:/root/.m2/repository/javax/servlet/javax.servlet-api/3.1.0/javax.servlet-api-3.1.0.jar:/root/.m2/repository/org/eclipse/jetty/jetty-io/9.4.7.v20170914/jetty-io-9.4.7.v20170914.jar:/root/.m2/repository/org/eclipse/jetty/jetty-webapp/9.4.7.v20170914/jetty-webapp-9.4.7.v20170914.jar:/root/.m2/repository/org/eclipse/jetty/jetty-xml/9.4.7.v20170914/jetty-xml-9.4.7.v20170914.jar:/root/.m2/repository/org/eclipse/jetty/jetty-continuation/9.4.7.v20170914/jetty-continuation-9.4.7.v20170914.jar:/root/.m2/repository/io/dropwizard/dropwizard-servlets/1.2.1-SNAPSHOT/dropwizard-servlets-1.2.1-SNAPSHOT.jar:/root/.m2/repository/io/dropwizard/metrics/metrics-annotation/3.2.5/metrics-annotation-3.2.5.jar:/root/.m2/repository/io/dropwizard/dropwizard-jetty/1.2.1-SNAPSHOT/dropwizard-jetty-1.2.1-SNAPSHOT.jar:/root/.m2/repository/io/dropwizard/metrics/metrics-jetty9/3.2.5/metrics-jetty9-3.2.5.jar:/root/.m2/repository/org/eclipse/jetty/jetty-servlet/9.4.7.v20170914/jetty-servlet-9.4.7.v20170914.jar:/root/.m2/repository/org/eclipse/jetty/jetty-security/9.4.7.v20170914/jetty-security-9.4.7.v20170914.jar:/root/.m2/repository/org/eclipse/jetty/jetty-servlets/9.4.7.v20170914/jetty-servlets-9.4.7.v20170914.jar:/root/.m2/repository/org/eclipse/jetty/jetty-http/9.4.7.v20170914/jetty-http-9.4.7.v20170914.jar:/root/.m2/repository/io/dropwizard/dropwizard-lifecycle/1.2.1-SNAPSHOT/dropwizard-lifecycle-1.2.1-SNAPSHOT.jar:/root/.m2/repository/io/dropwizard/metrics/metrics-core/3.2.5/metrics-core-3.2.5.jar:/root/.m2/repository/io/dropwizard/metrics/metrics-jvm/3.2.5/metrics-jvm-3.2.5.jar:/root/.m2/repository/io/dropwizard/metrics/metrics-servlets/3.2.5/metrics-servlets-3.2.5.jar:/root/.m2/repository/io/dropwizard/metrics/metrics-json/3.2.5/metrics-json-3.2.5.jar:/root/.m2/repository/com/papertrail/profiler/1.0.2/profiler-1.0.2.jar:/root/.m2/repository/io/dropwizard/metrics/metrics-healthchecks/3.2.5/metrics-healthchecks-3.2.5.jar:/root/.m2/repository/io/dropwizard/dropwizard-request-logging/1.2.1-SNAPSHOT/dropwizard-request-logging-1.2.1-SNAPSHOT.jar:/root/.m2/repository/ch/qos/logback/logback-access/1.2.3/logback-access-1.2.3.jar:/root/.m2/repository/net/sourceforge/argparse4j/argparse4j/0.7.0/argparse4j-0.7.0.jar:/root/.m2/repository/org/eclipse/jetty/toolchain/setuid/jetty-setuid-java/1.0.3/jetty-setuid-java-1.0.3.jar:/root/.m2/repository/io/dropwizard/dropwizard-auth/1.2.1-SNAPSHOT/dropwizard-auth-1.2.1-SNAPSHOT.jar:/root/.m2/repository/io/dropwizard/dropwizard-assets/1.2.1-SNAPSHOT/dropwizard-assets-1.2.1-SNAPSHOT.jar:/root/.m2/repository/io/dropwizard/dropwizard-http2/1.2.1-SNAPSHOT/dropwizard-http2-1.2.1-SNAPSHOT.jar:/root/.m2/repository/org/eclipse/jetty/http2/http2-server/9.4.7.v20170914/http2-server-9.4.7.v20170914.jar:/root/.m2/repository/org/eclipse/jetty/http2/http2-common/9.4.7.v20170914/http2-common-9.4.7.v20170914.jar:/root/.m2/repository/org/eclipse/jetty/http2/http2-hpack/9.4.7.v20170914/http2-hpack-9.4.7.v20170914.jar:/root/.m2/repository/org/eclipse/jetty/jetty-alpn-server/9.4.7.v20170914/jetty-alpn-server-9.4.7.v20170914.jar:/root/.m2/repository/io/dropwizard/dropwizard-hibernate/1.2.1-SNAPSHOT/dropwizard-hibernate-1.2.1-SNAPSHOT.jar:/root/.m2/repository/io/dropwizard/dropwizard-db/1.2.1-SNAPSHOT/dropwizard-db-1.2.1-SNAPSHOT.jar:/root/.m2/repository/org/apache/tomcat/tomcat-jdbc/8.5.23/tomcat-jdbc-8.5.23.jar:/root/.m2/repository/org/apache/tomcat/tomcat-juli/8.5.23/tomcat-juli-8.5.23.jar:/root/.m2/repository/com/fasterxml/jackson/datatype/jackson-datatype-hibernate5/2.9.1/jackson-datatype-hibernate5-2.9.1.jar:/root/.m2/repository/org/jadira/usertype/usertype.core/6.0.1.GA/usertype.core-6.0.1.GA.jar:/root/.m2/repository/org/hibernate/hibernate-entitymanager/5.2.1.Final/hibernate-entitymanager-5.2.1.Final.jar:/root/.m2/repository/org/jadira/usertype/usertype.spi/6.0.1.GA/usertype.spi-6.0.1.GA.jar:/root/.m2/repository/org/hibernate/hibernate-core/5.2.11.Final/hibernate-core-5.2.11.Final.jar:/root/.m2/repository/org/hibernate/javax/persistence/hibernate-jpa-2.1-api/1.0.0.Final/hibernate-jpa-2.1-api-1.0.0.Final.jar:/root/.m2/repository/org/javassist/javassist/3.21.0-GA/javassist-3.21.0-GA.jar:/root/.m2/repository/antlr/antlr/2.7.7/antlr-2.7.7.jar:/root/.m2/repository/org/jboss/spec/javax/transaction/jboss-transaction-api_1.2_spec/1.0.1.Final/jboss-transaction-api_1.2_spec-1.0.1.Final.jar:/root/.m2/repository/org/jboss/jandex/2.0.3.Final/jandex-2.0.3.Final.jar:/root/.m2/repository/com/fasterxml/classmate/1.3.4/classmate-1.3.4.jar:/root/.m2/repository/dom4j/dom4j/1.6.1/dom4j-1.6.1.jar:/root/.m2/repository/org/hibernate/common/hibernate-commons-annotations/5.0.1.Final/hibernate-commons-annotations-5.0.1.Final.jar:/root/.m2/repository/io/dropwizard/dropwizard-migrations/1.2.1-SNAPSHOT/dropwizard-migrations-1.2.1-SNAPSHOT.jar:/root/.m2/repository/org/liquibase/liquibase-core/3.5.3/liquibase-core-3.5.3.jar:/root/.m2/repository/com/mattbertolini/liquibase-slf4j/2.0.0/liquibase-slf4j-2.0.0.jar:/root/.m2/repository/io/dropwizard/dropwizard-views-freemarker/1.2.1-SNAPSHOT/dropwizard-views-freemarker-1.2.1-SNAPSHOT.jar:/root/.m2/repository/io/dropwizard/dropwizard-views/1.2.1-SNAPSHOT/dropwizard-views-1.2.1-SNAPSHOT.jar:/root/.m2/repository/org/freemarker/freemarker/2.3.23/freemarker-2.3.23.jar:/root/.m2/repository/io/dropwizard/dropwizard-views-mustache/1.2.1-SNAPSHOT/dropwizard-views-mustache-1.2.1-SNAPSHOT.jar:/root/.m2/repository/com/github/spullara/mustache/java/compiler/0.9.5/compiler-0.9.5.jar:/root/.m2/repository/io/dropwizard/dropwizard-metrics-graphite/1.2.1-SNAPSHOT/dropwizard-metrics-graphite-1.2.1-SNAPSHOT.jar:/root/.m2/repository/io/dropwizard/metrics/metrics-graphite/3.2.5/metrics-graphite-3.2.5.jar:/root/.m2/repository/com/h2database/h2/1.4.196/h2-1.4.196.jar:/root/.m2/repository/io/dropwizard/dropwizard-testing/1.2.1-SNAPSHOT/dropwizard-testing-1.2.1-SNAPSHOT.jar:/root/.m2/repository/junit/junit/4.12/junit-4.12.jar:/root/.m2/repository/org/hamcrest/hamcrest-core/1.3/hamcrest-core-1.3.jar:/root/.m2/repository/org/objenesis/objenesis/2.6/objenesis-2.6.jar:/root/.m2/repository/org/assertj/assertj-core/3.8.0/assertj-core-3.8.0.jar:/root/.m2/repository/org/mockito/mockito-core/2.10.0/mockito-core-2.10.0.jar:/root/.m2/repository/net/bytebuddy/byte-buddy/1.7.4/byte-buddy-1.7.4.jar:/root/.m2/repository/net/bytebuddy/byte-buddy-agent/1.7.4/byte-buddy-agent-1.7.4.jar:/root/.m2/repository/org/glassfish/jersey/test-framework/providers/jersey-test-framework-provider-inmemory/2.25.1/jersey-test-framework-provider-inmemory-2.25.1.jar:/root/.m2/repository/org/glassfish/jersey/test-framework/jersey-test-framework-core/2.25.1/jersey-test-framework-core-2.25.1.jar:/root/.m2/repository/org/glassfish/jersey/containers/jersey-container-servlet-core/2.25.1/jersey-container-servlet-core-2.25.1.jar:/root/.m2/repository/org/glassfish/jersey/core/jersey-server/2.25.1/jersey-server-2.25.1.jar:/root/.m2/repository/org/glassfish/jersey/core/jersey-common/2.25.1/jersey-common-2.25.1.jar:/root/.m2/repository/org/glassfish/jersey/bundles/repackaged/jersey-guava/2.25.1/jersey-guava-2.25.1.jar:/root/.m2/repository/org/glassfish/hk2/osgi-resource-locator/1.0.1/osgi-resource-locator-1.0.1.jar:/root/.m2/repository/javax/ws/rs/javax.ws.rs-api/2.0.1/javax.ws.rs-api-2.0.1.jar:/root/.m2/repository/org/glassfish/jersey/media/jersey-media-jaxb/2.25.1/jersey-media-jaxb-2.25.1.jar:/root/.m2/repository/javax/annotation/javax.annotation-api/1.2/javax.annotation-api-1.2.jar:/root/.m2/repository/org/glassfish/hk2/hk2-api/2.5.0-b32/hk2-api-2.5.0-b32.jar:/root/.m2/repository/org/glassfish/hk2/hk2-utils/2.5.0-b32/hk2-utils-2.5.0-b32.jar:/root/.m2/repository/org/glassfish/hk2/external/aopalliance-repackaged/2.5.0-b32/aopalliance-repackaged-2.5.0-b32.jar:/root/.m2/repository/org/glassfish/hk2/external/javax.inject/2.5.0-b32/javax.inject-2.5.0-b32.jar:/root/.m2/repository/org/glassfish/hk2/hk2-locator/2.5.0-b32/hk2-locator-2.5.0-b32.jar:/root/.m2/repository/javax/validation/validation-api/1.1.0.Final/validation-api-1.1.0.Final.jar:/root/.m2/repository/org/glassfish/jersey/core/jersey-client/2.25.1/jersey-client-2.25.1.jar:/root/.m2/repository/org/glassfish/jersey/test-framework/providers/jersey-test-framework-provider-grizzly2/2.25.1/jersey-test-framework-provider-grizzly2-2.25.1.jar:/root/.m2/repository/org/glassfish/jersey/containers/jersey-container-grizzly2-http/2.25.1/jersey-container-grizzly2-http-2.25.1.jar:/root/.m2/repository/org/glassfish/grizzly/grizzly-http-server/2.3.28/grizzly-http-server-2.3.28.jar:/root/.m2/repository/org/glassfish/grizzly/grizzly-http/2.3.28/grizzly-http-2.3.28.jar:/root/.m2/repository/org/glassfish/grizzly/grizzly-framework/2.3.28/grizzly-framework-2.3.28.jar:/root/.m2/repository/org/glassfish/jersey/containers/jersey-container-grizzly2-servlet/2.25.1/jersey-container-grizzly2-servlet-2.25.1.jar:/root/.m2/repository/org/glassfish/grizzly/grizzly-http-servlet/2.3.28/grizzly-http-servlet-2.3.28.jar:"/>
    <property name="java.vm.vendor" value="Oracle Corporation"/>
    <property name="sun.arch.data.model" value="64"/>
    <property name="java.vendor.url" value="http://java.oracle.com/"/>
    <property name="user.timezone" value=""/>
    <property name="java.vm.specification.version" value="1.8"/>
    <property name="os.name" value="Linux"/>
    <property name="user.country" value="SE"/>
    <property name="sun.java.launcher" value="SUN_STANDARD"/>
    <property name="sun.boot.library.path" value="/usr/lib/jvm/java-8-openjdk-amd64/jre/lib/amd64"/>
    <property name="sun.java.command" value="/home/daniel/dev/projects/dropwizard-example/dropwizard-example/target/surefire/surefirebooter8244264818662591443.jar /home/daniel/dev/projects/dropwizard-example/dropwizard-example/target/surefire 2017-11-02T22-40-03_161-jvmRun1 surefire2993096774583306315tmp surefire_05024567634312014333tmp"/>
    <property name="surefire.test.class.path" value="/home/daniel/dev/projects/dropwizard-example/dropwizard-example/target/test-classes:/home/daniel/dev/projects/dropwizard-example/dropwizard-example/target/classes:/root/.m2/repository/io/dropwizard/dropwizard-core/1.2.1-SNAPSHOT/dropwizard-core-1.2.1-SNAPSHOT.jar:/root/.m2/repository/io/dropwizard/dropwizard-util/1.2.1-SNAPSHOT/dropwizard-util-1.2.1-SNAPSHOT.jar:/root/.m2/repository/com/fasterxml/jackson/core/jackson-annotations/2.9.0/jackson-annotations-2.9.0.jar:/root/.m2/repository/com/google/guava/guava/23.1-jre/guava-23.1-jre.jar:/root/.m2/repository/com/google/errorprone/error_prone_annotations/2.0.18/error_prone_annotations-2.0.18.jar:/root/.m2/repository/com/google/j2objc/j2objc-annotations/1.1/j2objc-annotations-1.1.jar:/root/.m2/repository/org/codehaus/mojo/animal-sniffer-annotations/1.14/animal-sniffer-annotations-1.14.jar:/root/.m2/repository/com/google/code/findbugs/jsr305/3.0.2/jsr305-3.0.2.jar:/root/.m2/repository/joda-time/joda-time/2.9.9/joda-time-2.9.9.jar:/root/.m2/repository/io/dropwizard/dropwizard-jackson/1.2.1-SNAPSHOT/dropwizard-jackson-1.2.1-SNAPSHOT.jar:/root/.m2/repository/com/fasterxml/jackson/core/jackson-core/2.9.1/jackson-core-2.9.1.jar:/root/.m2/repository/com/fasterxml/jackson/core/jackson-databind/2.9.1/jackson-databind-2.9.1.jar:/root/.m2/repository/com/fasterxml/jackson/datatype/jackson-datatype-guava/2.9.1/jackson-datatype-guava-2.9.1.jar:/root/.m2/repository/com/fasterxml/jackson/datatype/jackson-datatype-jsr310/2.9.1/jackson-datatype-jsr310-2.9.1.jar:/root/.m2/repository/com/fasterxml/jackson/datatype/jackson-datatype-jdk8/2.9.1/jackson-datatype-jdk8-2.9.1.jar:/root/.m2/repository/com/fasterxml/jackson/module/jackson-module-parameter-names/2.9.1/jackson-module-parameter-names-2.9.1.jar:/root/.m2/repository/com/fasterxml/jackson/module/jackson-module-afterburner/2.9.1/jackson-module-afterburner-2.9.1.jar:/root/.m2/repository/com/fasterxml/jackson/datatype/jackson-datatype-joda/2.9.1/jackson-datatype-joda-2.9.1.jar:/root/.m2/repository/org/slf4j/slf4j-api/1.7.25/slf4j-api-1.7.25.jar:/root/.m2/repository/io/dropwizard/dropwizard-validation/1.2.1-SNAPSHOT/dropwizard-validation-1.2.1-SNAPSHOT.jar:/root/.m2/repository/org/hibernate/hibernate-validator/5.4.1.Final/hibernate-validator-5.4.1.Final.jar:/root/.m2/repository/org/jboss/logging/jboss-logging/3.3.0.Final/jboss-logging-3.3.0.Final.jar:/root/.m2/repository/org/glassfish/javax.el/3.0.0/javax.el-3.0.0.jar:/root/.m2/repository/io/dropwizard/dropwizard-configuration/1.2.1-SNAPSHOT/dropwizard-configuration-1.2.1-SNAPSHOT.jar:/root/.m2/repository/com/fasterxml/jackson/dataformat/jackson-dataformat-yaml/2.9.1/jackson-dataformat-yaml-2.9.1.jar:/root/.m2/repository/org/yaml/snakeyaml/1.18/snakeyaml-1.18.jar:/root/.m2/repository/org/apache/commons/commons-lang3/3.6/commons-lang3-3.6.jar:/root/.m2/repository/io/dropwizard/dropwizard-logging/1.2.1-SNAPSHOT/dropwizard-logging-1.2.1-SNAPSHOT.jar:/root/.m2/repository/io/dropwizard/metrics/metrics-logback/3.2.5/metrics-logback-3.2.5.jar:/root/.m2/repository/org/slf4j/jul-to-slf4j/1.7.25/jul-to-slf4j-1.7.25.jar:/root/.m2/repository/ch/qos/logback/logback-core/1.2.3/logback-core-1.2.3.jar:/root/.m2/repository/ch/qos/logback/logback-classic/1.2.3/logback-classic-1.2.3.jar:/root/.m2/repository/org/slf4j/log4j-over-slf4j/1.7.25/log4j-over-slf4j-1.7.25.jar:/root/.m2/repository/org/slf4j/jcl-over-slf4j/1.7.25/jcl-over-slf4j-1.7.25.jar:/root/.m2/repository/org/eclipse/jetty/jetty-util/9.4.7.v20170914/jetty-util-9.4.7.v20170914.jar:/root/.m2/repository/io/dropwizard/dropwizard-metrics/1.2.1-SNAPSHOT/dropwizard-metrics-1.2.1-SNAPSHOT.jar:/root/.m2/repository/io/dropwizard/dropwizard-jersey/1.2.1-SNAPSHOT/dropwizard-jersey-1.2.1-SNAPSHOT.jar:/root/.m2/repository/org/glassfish/jersey/ext/jersey-metainf-services/2.25.1/jersey-metainf-services-2.25.1.jar:/root/.m2/repository/org/glassfish/jersey/ext/jersey-bean-validation/2.25.1/jersey-bean-validation-2.25.1.jar:/root/.m2/repository/io/dropwizard/metrics/metrics-jersey2/3.2.5/metrics-jersey2-3.2.5.jar:/root/.m2/repository/com/fasterxml/jackson/jaxrs/jackson-jaxrs-json-provider/2.9.1/jackson-jaxrs-json-provider-2.9.1.jar:/root/.m2/repository/com/fasterxml/jackson/jaxrs/jackson-jaxrs-base/2.9.1/jackson-jaxrs-base-2.9.1.jar:/root/.m2/repository/com/fasterxml/jackson/module/jackson-module-jaxb-annotations/2.9.1/jackson-module-jaxb-annotations-2.9.1.jar:/root/.m2/repository/org/glassfish/jersey/containers/jersey-container-servlet/2.25.1/jersey-container-servlet-2.25.1.jar:/root/.m2/repository/org/eclipse/jetty/jetty-server/9.4.7.v20170914/jetty-server-9.4.7.v20170914.jar:/root/.m2/repository/javax/servlet/javax.servlet-api/3.1.0/javax.servlet-api-3.1.0.jar:/root/.m2/repository/org/eclipse/jetty/jetty-io/9.4.7.v20170914/jetty-io-9.4.7.v20170914.jar:/root/.m2/repository/org/eclipse/jetty/jetty-webapp/9.4.7.v20170914/jetty-webapp-9.4.7.v20170914.jar:/root/.m2/repository/org/eclipse/jetty/jetty-xml/9.4.7.v20170914/jetty-xml-9.4.7.v20170914.jar:/root/.m2/repository/org/eclipse/jetty/jetty-continuation/9.4.7.v20170914/jetty-continuation-9.4.7.v20170914.jar:/root/.m2/repository/io/dropwizard/dropwizard-servlets/1.2.1-SNAPSHOT/dropwizard-servlets-1.2.1-SNAPSHOT.jar:/root/.m2/repository/io/dropwizard/metrics/metrics-annotation/3.2.5/metrics-annotation-3.2.5.jar:/root/.m2/repository/io/dropwizard/dropwizard-jetty/1.2.1-SNAPSHOT/dropwizard-jetty-1.2.1-SNAPSHOT.jar:/root/.m2/repository/io/dropwizard/metrics/metrics-jetty9/3.2.5/metrics-jetty9-3.2.5.jar:/root/.m2/repository/org/eclipse/jetty/jetty-servlet/9.4.7.v20170914/jetty-servlet-9.4.7.v20170914.jar:/root/.m2/repository/org/eclipse/jetty/jetty-security/9.4.7.v20170914/jetty-security-9.4.7.v20170914.jar:/root/.m2/repository/org/eclipse/jetty/jetty-servlets/9.4.7.v20170914/jetty-servlets-9.4.7.v20170914.jar:/root/.m2/repository/org/eclipse/jetty/jetty-http/9.4.7.v20170914/jetty-http-9.4.7.v20170914.jar:/root/.m2/repository/io/dropwizard/dropwizard-lifecycle/1.2.1-SNAPSHOT/dropwizard-lifecycle-1.2.1-SNAPSHOT.jar:/root/.m2/repository/io/dropwizard/metrics/metrics-core/3.2.5/metrics-core-3.2.5.jar:/root/.m2/repository/io/dropwizard/metrics/metrics-jvm/3.2.5/metrics-jvm-3.2.5.jar:/root/.m2/repository/io/dropwizard/metrics/metrics-servlets/3.2.5/metrics-servlets-3.2.5.jar:/root/.m2/repository/io/dropwizard/metrics/metrics-json/3.2.5/metrics-json-3.2.5.jar:/root/.m2/repository/com/papertrail/profiler/1.0.2/profiler-1.0.2.jar:/root/.m2/repository/io/dropwizard/metrics/metrics-healthchecks/3.2.5/metrics-healthchecks-3.2.5.jar:/root/.m2/repository/io/dropwizard/dropwizard-request-logging/1.2.1-SNAPSHOT/dropwizard-request-logging-1.2.1-SNAPSHOT.jar:/root/.m2/repository/ch/qos/logback/logback-access/1.2.3/logback-access-1.2.3.jar:/root/.m2/repository/net/sourceforge/argparse4j/argparse4j/0.7.0/argparse4j-0.7.0.jar:/root/.m2/repository/org/eclipse/jetty/toolchain/setuid/jetty-setuid-java/1.0.3/jetty-setuid-java-1.0.3.jar:/root/.m2/repository/io/dropwizard/dropwizard-auth/1.2.1-SNAPSHOT/dropwizard-auth-1.2.1-SNAPSHOT.jar:/root/.m2/repository/io/dropwizard/dropwizard-assets/1.2.1-SNAPSHOT/dropwizard-assets-1.2.1-SNAPSHOT.jar:/root/.m2/repository/io/dropwizard/dropwizard-http2/1.2.1-SNAPSHOT/dropwizard-http2-1.2.1-SNAPSHOT.jar:/root/.m2/repository/org/eclipse/jetty/http2/http2-server/9.4.7.v20170914/http2-server-9.4.7.v20170914.jar:/root/.m2/repository/org/eclipse/jetty/http2/http2-common/9.4.7.v20170914/http2-common-9.4.7.v20170914.jar:/root/.m2/repository/org/eclipse/jetty/http2/http2-hpack/9.4.7.v20170914/http2-hpack-9.4.7.v20170914.jar:/root/.m2/repository/org/eclipse/jetty/jetty-alpn-server/9.4.7.v20170914/jetty-alpn-server-9.4.7.v20170914.jar:/root/.m2/repository/io/dropwizard/dropwizard-hibernate/1.2.1-SNAPSHOT/dropwizard-hibernate-1.2.1-SNAPSHOT.jar:/root/.m2/repository/io/dropwizard/dropwizard-db/1.2.1-SNAPSHOT/dropwizard-db-1.2.1-SNAPSHOT.jar:/root/.m2/repository/org/apache/tomcat/tomcat-jdbc/8.5.23/tomcat-jdbc-8.5.23.jar:/root/.m2/repository/org/apache/tomcat/tomcat-juli/8.5.23/tomcat-juli-8.5.23.jar:/root/.m2/repository/com/fasterxml/jackson/datatype/jackson-datatype-hibernate5/2.9.1/jackson-datatype-hibernate5-2.9.1.jar:/root/.m2/repository/org/jadira/usertype/usertype.core/6.0.1.GA/usertype.core-6.0.1.GA.jar:/root/.m2/repository/org/hibernate/hibernate-entitymanager/5.2.1.Final/hibernate-entitymanager-5.2.1.Final.jar:/root/.m2/repository/org/jadira/usertype/usertype.spi/6.0.1.GA/usertype.spi-6.0.1.GA.jar:/root/.m2/repository/org/hibernate/hibernate-core/5.2.11.Final/hibernate-core-5.2.11.Final.jar:/root/.m2/repository/org/hibernate/javax/persistence/hibernate-jpa-2.1-api/1.0.0.Final/hibernate-jpa-2.1-api-1.0.0.Final.jar:/root/.m2/repository/org/javassist/javassist/3.21.0-GA/javassist-3.21.0-GA.jar:/root/.m2/repository/antlr/antlr/2.7.7/antlr-2.7.7.jar:/root/.m2/repository/org/jboss/spec/javax/transaction/jboss-transaction-api_1.2_spec/1.0.1.Final/jboss-transaction-api_1.2_spec-1.0.1.Final.jar:/root/.m2/repository/org/jboss/jandex/2.0.3.Final/jandex-2.0.3.Final.jar:/root/.m2/repository/com/fasterxml/classmate/1.3.4/classmate-1.3.4.jar:/root/.m2/repository/dom4j/dom4j/1.6.1/dom4j-1.6.1.jar:/root/.m2/repository/org/hibernate/common/hibernate-commons-annotations/5.0.1.Final/hibernate-commons-annotations-5.0.1.Final.jar:/root/.m2/repository/io/dropwizard/dropwizard-migrations/1.2.1-SNAPSHOT/dropwizard-migrations-1.2.1-SNAPSHOT.jar:/root/.m2/repository/org/liquibase/liquibase-core/3.5.3/liquibase-core-3.5.3.jar:/root/.m2/repository/com/mattbertolini/liquibase-slf4j/2.0.0/liquibase-slf4j-2.0.0.jar:/root/.m2/repository/io/dropwizard/dropwizard-views-freemarker/1.2.1-SNAPSHOT/dropwizard-views-freemarker-1.2.1-SNAPSHOT.jar:/root/.m2/repository/io/dropwizard/dropwizard-views/1.2.1-SNAPSHOT/dropwizard-views-1.2.1-SNAPSHOT.jar:/root/.m2/repository/org/freemarker/freemarker/2.3.23/freemarker-2.3.23.jar:/root/.m2/repository/io/dropwizard/dropwizard-views-mustache/1.2.1-SNAPSHOT/dropwizard-views-mustache-1.2.1-SNAPSHOT.jar:/root/.m2/repository/com/github/spullara/mustache/java/compiler/0.9.5/compiler-0.9.5.jar:/root/.m2/repository/io/dropwizard/dropwizard-metrics-graphite/1.2.1-SNAPSHOT/dropwizard-metrics-graphite-1.2.1-SNAPSHOT.jar:/root/.m2/repository/io/dropwizard/metrics/metrics-graphite/3.2.5/metrics-graphite-3.2.5.jar:/root/.m2/repository/com/h2database/h2/1.4.196/h2-1.4.196.jar:/root/.m2/repository/io/dropwizard/dropwizard-testing/1.2.1-SNAPSHOT/dropwizard-testing-1.2.1-SNAPSHOT.jar:/root/.m2/repository/junit/junit/4.12/junit-4.12.jar:/root/.m2/repository/org/hamcrest/hamcrest-core/1.3/hamcrest-core-1.3.jar:/root/.m2/repository/org/objenesis/objenesis/2.6/objenesis-2.6.jar:/root/.m2/repository/org/assertj/assertj-core/3.8.0/assertj-core-3.8.0.jar:/root/.m2/repository/org/mockito/mockito-core/2.10.0/mockito-core-2.10.0.jar:/root/.m2/repository/net/bytebuddy/byte-buddy/1.7.4/byte-buddy-1.7.4.jar:/root/.m2/repository/net/bytebuddy/byte-buddy-agent/1.7.4/byte-buddy-agent-1.7.4.jar:/root/.m2/repository/org/glassfish/jersey/test-framework/providers/jersey-test-framework-provider-inmemory/2.25.1/jersey-test-framework-provider-inmemory-2.25.1.jar:/root/.m2/repository/org/glassfish/jersey/test-framework/jersey-test-framework-core/2.25.1/jersey-test-framework-core-2.25.1.jar:/root/.m2/repository/org/glassfish/jersey/containers/jersey-container-servlet-core/2.25.1/jersey-container-servlet-core-2.25.1.jar:/root/.m2/repository/org/glassfish/jersey/core/jersey-server/2.25.1/jersey-server-2.25.1.jar:/root/.m2/repository/org/glassfish/jersey/core/jersey-common/2.25.1/jersey-common-2.25.1.jar:/root/.m2/repository/org/glassfish/jersey/bundles/repackaged/jersey-guava/2.25.1/jersey-guava-2.25.1.jar:/root/.m2/repository/org/glassfish/hk2/osgi-resource-locator/1.0.1/osgi-resource-locator-1.0.1.jar:/root/.m2/repository/javax/ws/rs/javax.ws.rs-api/2.0.1/javax.ws.rs-api-2.0.1.jar:/root/.m2/repository/org/glassfish/jersey/media/jersey-media-jaxb/2.25.1/jersey-media-jaxb-2.25.1.jar:/root/.m2/repository/javax/annotation/javax.annotation-api/1.2/javax.annotation-api-1.2.jar:/root/.m2/repository/org/glassfish/hk2/hk2-api/2.5.0-b32/hk2-api-2.5.0-b32.jar:/root/.m2/repository/org/glassfish/hk2/hk2-utils/2.5.0-b32/hk2-utils-2.5.0-b32.jar:/root/.m2/repository/org/glassfish/hk2/external/aopalliance-repackaged/2.5.0-b32/aopalliance-repackaged-2.5.0-b32.jar:/root/.m2/repository/org/glassfish/hk2/external/javax.inject/2.5.0-b32/javax.inject-2.5.0-b32.jar:/root/.m2/repository/org/glassfish/hk2/hk2-locator/2.5.0-b32/hk2-locator-2.5.0-b32.jar:/root/.m2/repository/javax/validation/validation-api/1.1.0.Final/validation-api-1.1.0.Final.jar:/root/.m2/repository/org/glassfish/jersey/core/jersey-client/2.25.1/jersey-client-2.25.1.jar:/root/.m2/repository/org/glassfish/jersey/test-framework/providers/jersey-test-framework-provider-grizzly2/2.25.1/jersey-test-framework-provider-grizzly2-2.25.1.jar:/root/.m2/repository/org/glassfish/jersey/containers/jersey-container-grizzly2-http/2.25.1/jersey-container-grizzly2-http-2.25.1.jar:/root/.m2/repository/org/glassfish/grizzly/grizzly-http-server/2.3.28/grizzly-http-server-2.3.28.jar:/root/.m2/repository/org/glassfish/grizzly/grizzly-http/2.3.28/grizzly-http-2.3.28.jar:/root/.m2/repository/org/glassfish/grizzly/grizzly-framework/2.3.28/grizzly-framework-2.3.28.jar:/root/.m2/repository/org/glassfish/jersey/containers/jersey-container-grizzly2-servlet/2.25.1/jersey-container-grizzly2-servlet-2.25.1.jar:/root/.m2/repository/org/glassfish/grizzly/grizzly-http-servlet/2.3.28/grizzly-http-servlet-2.3.28.jar:"/>
    <property name="sun.cpu.endian" value="little"/>
    <property name="user.home" value="/root"/>
    <property name="user.language" value="sv"/>
    <property name="java.specification.vendor" value="Oracle Corporation"/>
    <property name="java.home" value="/usr/lib/jvm/java-8-openjdk-amd64/jre"/>
    <property name="basedir" value="/home/daniel/dev/projects/dropwizard-example/dropwizard-example"/>
    <property name="file.separator" value="/"/>
    <property name="line.separator" value="&#10;"/>
    <property name="java.vm.specification.vendor" value="Oracle Corporation"/>
    <property name="java.specification.name" value="Java Platform API Specification"/>
    <property name="java.awt.graphicsenv" value="sun.awt.X11GraphicsEnvironment"/>
    <property name="surefire.real.class.path" value="/home/daniel/dev/projects/dropwizard-example/dropwizard-example/target/surefire/surefirebooter8244264818662591443.jar"/>
    <property name="sun.boot.class.path" value="/usr/lib/jvm/java-8-openjdk-amd64/jre/lib/resources.jar:/usr/lib/jvm/java-8-openjdk-amd64/jre/lib/rt.jar:/usr/lib/jvm/java-8-openjdk-amd64/jre/lib/sunrsasign.jar:/usr/lib/jvm/java-8-openjdk-amd64/jre/lib/jsse.jar:/usr/lib/jvm/java-8-openjdk-amd64/jre/lib/jce.jar:/usr/lib/jvm/java-8-openjdk-amd64/jre/lib/charsets.jar:/usr/lib/jvm/java-8-openjdk-amd64/jre/lib/jfr.jar:/usr/lib/jvm/java-8-openjdk-amd64/jre/classes"/>
    <property name="sun.management.compiler" value="HotSpot 64-Bit Tiered Compilers"/>
    <property name="java.runtime.version" value="1.8.0_131-8u131-b11-2ubuntu1.16.04.3-b11"/>
    <property name="user.name" value="root"/>
    <property name="path.separator" value=":"/>
    <property name="os.version" value="4.9.6-040906-generic"/>
    <property name="java.endorsed.dirs" value="/usr/lib/jvm/java-8-openjdk-amd64/jre/lib/endorsed"/>
    <property name="java.runtime.name" value="OpenJDK Runtime Environment"/>
    <property name="file.encoding" value="UTF-8"/>
    <property name="java.vm.name" value="OpenJDK 64-Bit Server VM"/>
    <property name="localRepository" value="/root/.m2/repository"/>
    <property name="java.vendor.url.bug" value="http://bugreport.sun.com/bugreport/"/>
    <property name="java.io.tmpdir" value="/tmp"/>
    <property name="java.version" value="1.8.0_131"/>
    <property name="user.dir" value="/home/daniel/dev/projects/dropwizard-example/dropwizard-example"/>
    <property name="os.arch" value="amd64"/>
    <property name="java.vm.specification.name" value="Java Virtual Machine Specification"/>
    <property name="java.awt.printerjob" value="sun.print.PSPrinterJob"/>
    <property name="sun.os.patch.level" value="unknown"/>
    <property name="java.library.path" value="/usr/java/packages/lib/amd64:/usr/lib/x86_64-linux-gnu/jni:/lib/x86_64-linux-gnu:/usr/lib/x86_64-linux-gnu:/usr/lib/jni:/lib:/usr/lib"/>
    <property name="java.vm.info" value="mixed mode"/>
    <property name="java.vendor" value="Oracle Corporation"/>
    <property name="java.vm.version" value="25.131-b11"/>
    <property name="java.ext.dirs" value="/usr/lib/jvm/java-8-openjdk-amd64/jre/lib/ext:/usr/java/packages/lib/ext"/>
    <property name="sun.io.unicode.encoding" value="UnicodeLittle"/>
    <property name="java.class.version" value="52.0"/>
  </properties>
  <testcase name="testProtectedEndpoint" classname="com.example.helloworld.resources.ProtectedResourceTest" time="0.08"/>
  <testcase name="testProtectedAdminEndpointPrincipalIsNotAuthorized403" classname="com.example.helloworld.resources.ProtectedResourceTest" time="0.005"/>
  <testcase name="testProtectedAdminEndpoint" classname="com.example.helloworld.resources.ProtectedResourceTest" time="0.004"/>
  <testcase name="testProtectedEndpointBadCredentials401" classname="com.example.helloworld.resources.ProtectedResourceTest" time="0.016"/>
  <testcase name="testProtectedEndpointNoCredentials401" classname="com.example.helloworld.resources.ProtectedResourceTest" time="0.004"/>
</testsuite>